-- The C compiler identification is GNU 11.4.0
-- The CXX compiler identification is GNU 11.4.0
-- Detecting C compiler ABI info
-- Detecting C compiler ABI info - done
-- Check for working C compiler: /usr/bin/cc - skipped
-- Detecting C compile features
-- Detecting C compile features - done
-- Detecting CXX compiler ABI info
-- Detecting CXX compiler ABI info - done
-- Check for working CXX compiler: /usr/bin/c++ - skipped
-- Detecting CXX compile features
-- Detecting CXX compile features - done
-- Found ament_cmake: 1.3.11 (/opt/ros/humble/share/ament_cmake/cmake)
-- Found Python3: /usr/bin/python3 (found version "3.10.12") found components: Interpreter 
-- Found ament_index_cpp: 1.4.0 (/opt/ros/humble/share/ament_index_cpp/cmake)
-- Found rclcpp: 16.0.12 (/opt/ros/humble/share/rclcpp/cmake)
-- Found rosidl_generator_c: 3.1.6 (/opt/ros/humble/share/rosidl_generator_c/cmake)
-- Found rosidl_adapter: 3.1.6 (/opt/ros/humble/share/rosidl_adapter/cmake)
-- Found rosidl_generator_cpp: 3.1.6 (/opt/ros/humble/share/rosidl_generator_cpp/cmake)
-- Using all available rosidl_typesupport_c: rosidl_typesupport_fastrtps_c;rosidl_typesupport_introspection_c
-- Using all available rosidl_typesupport_cpp: rosidl_typesupport_fastrtps_cpp;rosidl_typesupport_introspection_cpp
-- Found rmw_implementation_cmake: 6.1.2 (/opt/ros/humble/share/rmw_implementation_cmake/cmake)
-- Found rmw_fastrtps_cpp: 6.2.7 (/opt/ros/humble/share/rmw_fastrtps_cpp/cmake)
-- Found OpenSSL: /usr/lib/x86_64-linux-gnu/libcrypto.so (found version "3.0.2")  
-- Found FastRTPS: /opt/ros/humble/include  
-- Using RMW implementation 'rmw_fastrtps_cpp' as default
-- Looking for pthread.h
-- Looking for pthread.h - found
-- Performing Test CMAKE_HAVE_LIBC_PTHREAD
-- Performing Test CMAKE_HAVE_LIBC_PTHREAD - Success
-- Found Threads: TRUE  
-- Found sensor_msgs: 4.9.0 (/opt/ros/humble/share/sensor_msgs/cmake)
-- Found rosbag2_cpp: 0.15.14 (/opt/ros/humble/share/rosbag2_cpp/cmake)
-- Found rosbag2_transport: 0.15.14 (/opt/ros/humble/share/rosbag2_transport/cmake)
-- Found tf2_msgs: 0.25.13 (/opt/ros/humble/share/tf2_msgs/cmake)
-- Found ament_lint_auto: 0.12.12 (/opt/ros/humble/share/ament_lint_auto/cmake)
-- Added test 'cppcheck' to perform static code analysis on C / C++ code
-- Configured cppcheck include dirs: 
-- Configured cppcheck exclude dirs and/or files: 
-- Added test 'flake8' to check Python code syntax and style conventions
-- Added test 'lint_cmake' to check CMake code style
-- Added test 'pep257' to check Python code against some of the docstring style conventions in PEP 257
-- Added test 'uncrustify' to check C / C++ code style
-- Configured uncrustify additional arguments: 
-- Added test 'xmllint' to check XML markup files
-- Configuring done
-- Generating done
-- Build files have been written to: /home/jung/ros2_ws/src/hands_on_kitti/build/hands_on_kitti
[ 50%] [32mBuilding CXX object CMakeFiles/reader.dir/src/bagReader.cpp.o[0m
[100%] [32m[1mLinking CXX executable reader[0m
[100%] Built target reader
-- Install configuration: ""
-- Installing: /home/jung/ros2_ws/src/hands_on_kitti/install/hands_on_kitti/lib/hands_on_kitti/reader
-- Set runtime path of "/home/jung/ros2_ws/src/hands_on_kitti/install/hands_on_kitti/lib/hands_on_kitti/reader" to ""
-- Installing: /home/jung/ros2_ws/src/hands_on_kitti/install/hands_on_kitti/share/hands_on_kitti//launch
-- Installing: /home/jung/ros2_ws/src/hands_on_kitti/install/hands_on_kitti/share/hands_on_kitti//launch/my_node_launch.py
-- Installing: /home/jung/ros2_ws/src/hands_on_kitti/install/hands_on_kitti/share/ament_index/resource_index/package_run_dependencies/hands_on_kitti
-- Installing: /home/jung/ros2_ws/src/hands_on_kitti/install/hands_on_kitti/share/ament_index/resource_index/parent_prefix_path/hands_on_kitti
-- Installing: /home/jung/ros2_ws/src/hands_on_kitti/install/hands_on_kitti/share/hands_on_kitti/environment/ament_prefix_path.sh
-- Installing: /home/jung/ros2_ws/src/hands_on_kitti/install/hands_on_kitti/share/hands_on_kitti/environment/ament_prefix_path.dsv
-- Installing: /home/jung/ros2_ws/src/hands_on_kitti/install/hands_on_kitti/share/hands_on_kitti/environment/path.sh
-- Installing: /home/jung/ros2_ws/src/hands_on_kitti/install/hands_on_kitti/share/hands_on_kitti/environment/path.dsv
-- Installing: /home/jung/ros2_ws/src/hands_on_kitti/install/hands_on_kitti/share/hands_on_kitti/local_setup.bash
-- Installing: /home/jung/ros2_ws/src/hands_on_kitti/install/hands_on_kitti/share/hands_on_kitti/local_setup.sh
-- Installing: /home/jung/ros2_ws/src/hands_on_kitti/install/hands_on_kitti/share/hands_on_kitti/local_setup.zsh
-- Installing: /home/jung/ros2_ws/src/hands_on_kitti/install/hands_on_kitti/share/hands_on_kitti/local_setup.dsv
-- Installing: /home/jung/ros2_ws/src/hands_on_kitti/install/hands_on_kitti/share/hands_on_kitti/package.dsv
-- Installing: /home/jung/ros2_ws/src/hands_on_kitti/install/hands_on_kitti/share/ament_index/resource_index/packages/hands_on_kitti
-- Installing: /home/jung/ros2_ws/src/hands_on_kitti/install/hands_on_kitti/share/hands_on_kitti/cmake/hands_on_kittiConfig.cmake
-- Installing: /home/jung/ros2_ws/src/hands_on_kitti/install/hands_on_kitti/share/hands_on_kitti/cmake/hands_on_kittiConfig-version.cmake
-- Installing: /home/jung/ros2_ws/src/hands_on_kitti/install/hands_on_kitti/share/hands_on_kitti/package.xml
