[0.006s] Invoking command in '/home/jung/ros2_ws/src/hands_on_kitti/build/hands_on_kitti': CMAKE_PREFIX_PATH=${CMAKE_PREFIX_PATH}:/opt/ros/humble /usr/bin/cmake /home/jung/ros2_ws/src/hands_on_kitti -DCMAKE_INSTALL_PREFIX=/home/jung/ros2_ws/src/hands_on_kitti/install/hands_on_kitti
[0.065s] -- The C compiler identification is GNU 11.4.0
[0.116s] -- The CXX compiler identification is GNU 11.4.0
[0.121s] -- Detecting C compiler ABI info
[0.172s] -- Detecting C compiler ABI info - done
[0.178s] -- Check for working C compiler: /usr/bin/cc - skipped
[0.178s] -- Detecting C compile features
[0.179s] -- Detecting C compile features - done
[0.182s] -- Detecting CXX compiler ABI info
[0.300s] -- Detecting CXX compiler ABI info - done
[0.305s] -- Check for working CXX compiler: /usr/bin/c++ - skipped
[0.305s] -- Detecting CXX compile features
[0.305s] -- Detecting CXX compile features - done
[0.307s] -- Found ament_cmake: 1.3.11 (/opt/ros/humble/share/ament_cmake/cmake)
[0.401s] -- Found Python3: /usr/bin/python3 (found version "3.10.12") found components: Interpreter 
[0.454s] -- Found ament_index_cpp: 1.4.0 (/opt/ros/humble/share/ament_index_cpp/cmake)
[0.455s] -- Found rclcpp: 16.0.12 (/opt/ros/humble/share/rclcpp/cmake)
[0.477s] -- Found rosidl_generator_c: 3.1.6 (/opt/ros/humble/share/rosidl_generator_c/cmake)
[0.480s] -- Found rosidl_adapter: 3.1.6 (/opt/ros/humble/share/rosidl_adapter/cmake)
[0.485s] -- Found rosidl_generator_cpp: 3.1.6 (/opt/ros/humble/share/rosidl_generator_cpp/cmake)
[0.492s] -- Using all available rosidl_typesupport_c: rosidl_typesupport_fastrtps_c;rosidl_typesupport_introspection_c
[0.501s] -- Using all available rosidl_typesupport_cpp: rosidl_typesupport_fastrtps_cpp;rosidl_typesupport_introspection_cpp
[0.525s] -- Found rmw_implementation_cmake: 6.1.2 (/opt/ros/humble/share/rmw_implementation_cmake/cmake)
[0.527s] -- Found rmw_fastrtps_cpp: 6.2.7 (/opt/ros/humble/share/rmw_fastrtps_cpp/cmake)
[0.596s] -- Found OpenSSL: /usr/lib/x86_64-linux-gnu/libcrypto.so (found version "3.0.2")  
[0.621s] -- Found FastRTPS: /opt/ros/humble/include  
[0.646s] -- Using RMW implementation 'rmw_fastrtps_cpp' as default
[0.652s] -- Looking for pthread.h
[0.707s] -- Looking for pthread.h - found
[0.708s] -- Performing Test CMAKE_HAVE_LIBC_PTHREAD
[0.777s] -- Performing Test CMAKE_HAVE_LIBC_PTHREAD - Success
[0.778s] -- Found Threads: TRUE  
[0.810s] -- Found sensor_msgs: 4.9.0 (/opt/ros/humble/share/sensor_msgs/cmake)
[0.828s] -- Found rosbag2_cpp: 0.15.14 (/opt/ros/humble/share/rosbag2_cpp/cmake)
[0.848s] -- Found rosbag2_transport: 0.15.14 (/opt/ros/humble/share/rosbag2_transport/cmake)
[0.863s] -- Found tf2_msgs: 0.25.13 (/opt/ros/humble/share/tf2_msgs/cmake)
[0.887s] -- Found ament_lint_auto: 0.12.12 (/opt/ros/humble/share/ament_lint_auto/cmake)
[0.935s] -- Added test 'cppcheck' to perform static code analysis on C / C++ code
[0.935s] -- Configured cppcheck include dirs: 
[0.935s] -- Configured cppcheck exclude dirs and/or files: 
[0.936s] -- Added test 'flake8' to check Python code syntax and style conventions
[0.938s] -- Added test 'lint_cmake' to check CMake code style
[0.939s] -- Added test 'pep257' to check Python code against some of the docstring style conventions in PEP 257
[0.945s] -- Added test 'uncrustify' to check C / C++ code style
[0.945s] -- Configured uncrustify additional arguments: 
[0.946s] -- Added test 'xmllint' to check XML markup files
[0.946s] -- Configuring done
[0.952s] -- Generating done
[0.954s] -- Build files have been written to: /home/jung/ros2_ws/src/hands_on_kitti/build/hands_on_kitti
[0.961s] Invoked command in '/home/jung/ros2_ws/src/hands_on_kitti/build/hands_on_kitti' returned '0': CMAKE_PREFIX_PATH=${CMAKE_PREFIX_PATH}:/opt/ros/humble /usr/bin/cmake /home/jung/ros2_ws/src/hands_on_kitti -DCMAKE_INSTALL_PREFIX=/home/jung/ros2_ws/src/hands_on_kitti/install/hands_on_kitti
[0.962s] Invoking command in '/home/jung/ros2_ws/src/hands_on_kitti/build/hands_on_kitti': CMAKE_PREFIX_PATH=${CMAKE_PREFIX_PATH}:/opt/ros/humble /usr/bin/cmake --build /home/jung/ros2_ws/src/hands_on_kitti/build/hands_on_kitti -- -j16 -l16
[1.024s] [ 50%] [32mBuilding CXX object CMakeFiles/reader.dir/src/bagReader.cpp.o[0m
[3.909s] [100%] [32m[1mLinking CXX executable reader[0m
[4.046s] [100%] Built target reader
[4.054s] Invoked command in '/home/jung/ros2_ws/src/hands_on_kitti/build/hands_on_kitti' returned '0': CMAKE_PREFIX_PATH=${CMAKE_PREFIX_PATH}:/opt/ros/humble /usr/bin/cmake --build /home/jung/ros2_ws/src/hands_on_kitti/build/hands_on_kitti -- -j16 -l16
[4.059s] Invoking command in '/home/jung/ros2_ws/src/hands_on_kitti/build/hands_on_kitti': CMAKE_PREFIX_PATH=${CMAKE_PREFIX_PATH}:/opt/ros/humble /usr/bin/cmake --install /home/jung/ros2_ws/src/hands_on_kitti/build/hands_on_kitti
[4.066s] -- Install configuration: ""
[4.067s] -- Installing: /home/jung/ros2_ws/src/hands_on_kitti/install/hands_on_kitti/lib/hands_on_kitti/reader
[4.068s] -- Set runtime path of "/home/jung/ros2_ws/src/hands_on_kitti/install/hands_on_kitti/lib/hands_on_kitti/reader" to ""
[4.068s] -- Installing: /home/jung/ros2_ws/src/hands_on_kitti/install/hands_on_kitti/share/hands_on_kitti//launch
[4.068s] -- Installing: /home/jung/ros2_ws/src/hands_on_kitti/install/hands_on_kitti/share/hands_on_kitti//launch/my_node_launch.py
[4.068s] -- Installing: /home/jung/ros2_ws/src/hands_on_kitti/install/hands_on_kitti/share/ament_index/resource_index/package_run_dependencies/hands_on_kitti
[4.068s] -- Installing: /home/jung/ros2_ws/src/hands_on_kitti/install/hands_on_kitti/share/ament_index/resource_index/parent_prefix_path/hands_on_kitti
[4.068s] -- Installing: /home/jung/ros2_ws/src/hands_on_kitti/install/hands_on_kitti/share/hands_on_kitti/environment/ament_prefix_path.sh
[4.068s] -- Installing: /home/jung/ros2_ws/src/hands_on_kitti/install/hands_on_kitti/share/hands_on_kitti/environment/ament_prefix_path.dsv
[4.069s] -- Installing: /home/jung/ros2_ws/src/hands_on_kitti/install/hands_on_kitti/share/hands_on_kitti/environment/path.sh
[4.069s] -- Installing: /home/jung/ros2_ws/src/hands_on_kitti/install/hands_on_kitti/share/hands_on_kitti/environment/path.dsv
[4.069s] -- Installing: /home/jung/ros2_ws/src/hands_on_kitti/install/hands_on_kitti/share/hands_on_kitti/local_setup.bash
[4.069s] -- Installing: /home/jung/ros2_ws/src/hands_on_kitti/install/hands_on_kitti/share/hands_on_kitti/local_setup.sh
[4.069s] -- Installing: /home/jung/ros2_ws/src/hands_on_kitti/install/hands_on_kitti/share/hands_on_kitti/local_setup.zsh
[4.069s] -- Installing: /home/jung/ros2_ws/src/hands_on_kitti/install/hands_on_kitti/share/hands_on_kitti/local_setup.dsv
[4.069s] -- Installing: /home/jung/ros2_ws/src/hands_on_kitti/install/hands_on_kitti/share/hands_on_kitti/package.dsv
[4.069s] -- Installing: /home/jung/ros2_ws/src/hands_on_kitti/install/hands_on_kitti/share/ament_index/resource_index/packages/hands_on_kitti
[4.069s] -- Installing: /home/jung/ros2_ws/src/hands_on_kitti/install/hands_on_kitti/share/hands_on_kitti/cmake/hands_on_kittiConfig.cmake
[4.069s] -- Installing: /home/jung/ros2_ws/src/hands_on_kitti/install/hands_on_kitti/share/hands_on_kitti/cmake/hands_on_kittiConfig-version.cmake
[4.069s] -- Installing: /home/jung/ros2_ws/src/hands_on_kitti/install/hands_on_kitti/share/hands_on_kitti/package.xml
[4.071s] Invoked command in '/home/jung/ros2_ws/src/hands_on_kitti/build/hands_on_kitti' returned '0': CMAKE_PREFIX_PATH=${CMAKE_PREFIX_PATH}:/opt/ros/humble /usr/bin/cmake --install /home/jung/ros2_ws/src/hands_on_kitti/build/hands_on_kitti
